total candidate configs: 693  (budget 3.0 h)
[pass-1    1/693] conv=0  best 1-R²_het=0.000e+00  at=None  dt=0.6m  ETA=6.9h  last=(0.3, 0.3, 0.3)→False
[pass-1    3/693] conv=1  best 1-R²_het=2.415e-03  at=((3.0, 3.0, 3.0), (0.3, 0.3, 0.3), 1.0)  dt=1.2m  ETA=4.7h  last=(3.0, 3.0, 3.0)→True
[pass-1    6/693] conv=2  best 1-R²_het=2.415e-03  at=((3.0, 3.0, 3.0), (0.3, 0.3, 0.3), 1.0)  dt=3.2m  ETA=6.1h  last=(1.0, 1.0, 1.0)→True
[pass-1    9/693] conv=3  best 1-R²_het=2.857e-03  at=((3.0, 3.0, 3.0), (1.0, 1.0, 1.0), 1.0)  dt=5.8m  ETA=7.4h  last=(0.3, 0.3, 0.3)→False
[pass-1   12/693] conv=5  best 1-R²_het=3.079e-03  at=((3.0, 3.0, 3.0), (3.0, 3.0, 3.0), 1.0)  dt=8.4m  ETA=7.9h  last=(10.0, 10.0, 10.0)→False
[pass-1   15/693] conv=8  best 1-R²_het=3.128e-03  at=((3.0, 3.0, 3.0), (10.0, 10.0, 10.0), 1.0)  dt=9.0m  ETA=6.8h  last=(3.0, 3.0, 3.0)→True
[pass-1   18/693] conv=9  best 1-R²_het=3.128e-03  at=((3.0, 3.0, 3.0), (10.0, 10.0, 10.0), 1.0)  dt=12.7m  ETA=8.0h  last=(1.0, 1.0, 1.0)→False
[pass-1   21/693] conv=10  best 1-R²_het=3.154e-03  at=((3.0, 3.0, 3.0), (50.0, 50.0, 50.0), 1.0)  dt=15.3m  ETA=8.2h  last=(0.3, 0.3, 0.3)→False
[pass-1   24/693] conv=10  best 1-R²_het=3.154e-03  at=((3.0, 3.0, 3.0), (50.0, 50.0, 50.0), 1.0)  dt=20.2m  ETA=9.4h  last=(10.0, 10.0, 10.0)→False
[pass-1   27/693] conv=11  best 1-R²_het=2.627e-01  at=((3.0, 3.0, 3.0), (0.3, 0.3, 3.0), 1.0)  dt=23.8m  ETA=9.8h  last=(3.0, 3.0, 3.0)→True
[pass-1   30/693] conv=11  best 1-R²_het=2.627e-01  at=((3.0, 3.0, 3.0), (0.3, 0.3, 3.0), 1.0)  dt=28.2m  ETA=10.4h  last=(1.0, 1.0, 1.0)→False
[pass-1   33/693] conv=11  best 1-R²_het=2.627e-01  at=((3.0, 3.0, 3.0), (0.3, 0.3, 3.0), 1.0)  dt=31.9m  ETA=10.6h  last=(0.3, 0.3, 0.3)→False
[pass-1   36/693] conv=11  best 1-R²_het=2.627e-01  at=((3.0, 3.0, 3.0), (0.3, 0.3, 3.0), 1.0)  dt=33.7m  ETA=10.3h  last=(10.0, 10.0, 10.0)→False
[pass-1   39/693] conv=11  best 1-R²_het=2.627e-01  at=((3.0, 3.0, 3.0), (0.3, 0.3, 3.0), 1.0)  dt=38.6m  ETA=10.8h  last=(3.0, 3.0, 3.0)→False
[pass-1   42/693] conv=11  best 1-R²_het=2.627e-01  at=((3.0, 3.0, 3.0), (0.3, 0.3, 3.0), 1.0)  dt=43.3m  ETA=11.2h  last=(1.0, 1.0, 1.0)→False
[pass-1   45/693] conv=11  best 1-R²_het=2.627e-01  at=((3.0, 3.0, 3.0), (0.3, 0.3, 3.0), 1.0)  dt=48.0m  ETA=11.5h  last=(0.3, 0.3, 0.3)→False
[pass-1   48/693] conv=12  best 1-R²_het=4.581e-01  at=((3.0, 3.0, 3.0), (0.3, 1.0, 10.0), 1.0)  dt=51.3m  ETA=11.5h  last=(10.0, 10.0, 10.0)→False
[pass-1   51/693] conv=12  best 1-R²_het=4.581e-01  at=((3.0, 3.0, 3.0), (0.3, 1.0, 10.0), 1.0)  dt=55.0m  ETA=11.5h  last=(3.0, 3.0, 3.0)→False
[pass-1   54/693] conv=12  best 1-R²_het=4.581e-01  at=((3.0, 3.0, 3.0), (0.3, 1.0, 10.0), 1.0)  dt=59.2m  ETA=11.7h  last=(1.0, 1.0, 1.0)→False
[pass-1   57/693] conv=12  best 1-R²_het=4.581e-01  at=((3.0, 3.0, 3.0), (0.3, 1.0, 10.0), 1.0)  dt=63.5m  ETA=11.8h  last=(0.3, 0.3, 0.3)→False
[pass-1   60/693] conv=12  best 1-R²_het=4.581e-01  at=((3.0, 3.0, 3.0), (0.3, 1.0, 10.0), 1.0)  dt=68.5m  ETA=12.0h  last=(10.0, 10.0, 10.0)→False
[pass-1   63/693] conv=12  best 1-R²_het=4.581e-01  at=((3.0, 3.0, 3.0), (0.3, 1.0, 10.0), 1.0)  dt=72.1m  ETA=12.0h  last=(3.0, 3.0, 3.0)→False
[pass-1   66/693] conv=12  best 1-R²_het=4.581e-01  at=((3.0, 3.0, 3.0), (0.3, 1.0, 10.0), 1.0)  dt=75.2m  ETA=11.9h  last=(1.0, 1.0, 1.0)→False
[pass-1   69/693] conv=13  best 1-R²_het=6.324e-01  at=((3.0, 3.0, 3.0), (0.3, 10.0, 10.0), 1.0)  dt=77.9m  ETA=11.7h  last=(0.3, 0.3, 0.3)→False
[pass-1   72/693] conv=13  best 1-R²_het=6.324e-01  at=((3.0, 3.0, 3.0), (0.3, 10.0, 10.0), 1.0)  dt=82.2m  ETA=11.8h  last=(10.0, 10.0, 10.0)→False
[pass-1   75/693] conv=14  best 1-R²_het=6.593e-01  at=((3.0, 3.0, 3.0), (0.3, 50.0, 50.0), 0.3)  dt=83.7m  ETA=11.5h  last=(3.0, 3.0, 3.0)→True
[pass-1   78/693] conv=14  best 1-R²_het=6.593e-01  at=((3.0, 3.0, 3.0), (0.3, 50.0, 50.0), 0.3)  dt=88.6m  ETA=11.6h  last=(1.0, 1.0, 1.0)→False
[pass-1   81/693] conv=14  best 1-R²_het=6.593e-01  at=((3.0, 3.0, 3.0), (0.3, 50.0, 50.0), 0.3)  dt=92.8m  ETA=11.7h  last=(0.3, 0.3, 0.3)→False
